2026-04-11 19:54:25,397 - INFO - ============================================================
2026-04-11 19:54:25,397 - INFO - AI 新闻日报 v2.1 启动
2026-04-11 19:54:25,397 - INFO - ============================================================
2026-04-11 19:54:25,405 - INFO - 启动并发抓取（4 线程）...
2026-04-11 19:54:25,780 - INFO - [机器之心] 获取 0 条, 跳过 0 条已存在
2026-04-11 19:54:27,106 - INFO - [量子位] 获取 1 条, 跳过 0 条已存在
2026-04-11 19:54:28,860 - INFO - [InfoQ] 获取 1 条, 跳过 6 条已存在
2026-04-11 19:54:29,058 - INFO - [雷锋网] 获取 0 条, 跳过 0 条已存在
2026-04-11 19:54:29,707 - WARNING - 请求失败 (1/3): https://www.zhidx.com/feed, 错误: 500 Server Error: Internal Server Error for url: https://www.zhidx.com/feed
2026-04-11 19:54:33,587 - WARNING - 请求失败 (2/3): https://www.zhidx.com/feed, 错误: 500 Server Error: Internal Server Error for url: https://www.zhidx.com/feed
2026-04-11 19:54:38,470 - ERROR - 请求最终失败: https://www.zhidx.com/feed, 错误: 500 Server Error: Internal Server Error for url: https://www.zhidx.com/feed
2026-04-11 19:54:38,470 - ERROR - [智东西] 抓取错误: 500 Server Error: Internal Server Error for url: https://www.zhidx.com/feed
2026-04-11 19:54:38,470 - INFO - [智东西] 获取 0 条, 跳过 0 条已存在
2026-04-11 19:54:39,304 - WARNING - 请求失败 (1/3): https://www.huxiu.com/rss, 错误: 404 Client Error: Not Found for url: https://www.huxiu.com/rss
2026-04-11 19:54:42,692 - INFO - [钛媒体] 获取 6 条, 跳过 1 条已存在
2026-04-11 19:54:42,824 - INFO - [TechCrunch AI] 获取 1 条, 跳过 0 条已存在
2026-04-11 19:54:42,944 - WARNING - 请求失败 (1/3): https://www.theverge.com/ai-artificial-intelligence/rss/index.xml, 错误: 404 Client Error: Not Found for url: https://www.theverge.com/ai-artificial-intelligence/rss/index.xml
2026-04-11 19:54:43,439 - WARNING - 请求失败 (2/3): https://www.huxiu.com/rss, 错误: 404 Client Error: Not Found for url: https://www.huxiu.com/rss
2026-04-11 19:54:44,137 - WARNING - 请求失败 (1/3): https://www.geekpark.net/rss, 错误: HTTPSConnectionPool(host='www.geekpark.net', port=443): Max retries exceeded with url: /rss (Caused by ConnectTimeoutError(<urllib3.connection.HTTPSConnection object at 0x7fc83d1933d0>, 'Connection to www.geekpark.net timed out. (connect timeout=15)'))
2026-04-11 19:54:44,929 - INFO - [36氪] 获取 9 条, 跳过 2 条已存在
2026-04-11 19:54:45,019 - INFO - [MIT Tech Review] 获取 0 条, 跳过 0 条已存在
2026-04-11 19:54:45,020 - WARNING - 请求失败 (2/3): https://www.theverge.com/ai-artificial-intelligence/rss/index.xml, 错误: 404 Client Error: Not Found for url: https://www.theverge.com/ai-artificial-intelligence/rss/index.xml
2026-04-11 19:54:48,200 - ERROR - 请求最终失败: https://www.huxiu.com/rss, 错误: 404 Client Error: Not Found for url: https://www.huxiu.com/rss
2026-04-11 19:54:48,200 - ERROR - [虎嗅] 抓取错误: 404 Client Error: Not Found for url: https://www.huxiu.com/rss
2026-04-11 19:54:48,200 - INFO - [虎嗅] 获取 0 条, 跳过 0 条已存在
2026-04-11 19:54:49,037 - ERROR - 请求最终失败: https://www.theverge.com/ai-artificial-intelligence/rss/index.xml, 错误: 404 Client Error: Not Found for url: https://www.theverge.com/ai-artificial-intelligence/rss/index.xml
2026-04-11 19:54:49,037 - ERROR - [The Verge AI] 抓取错误: 404 Client Error: Not Found for url: https://www.theverge.com/ai-artificial-intelligence/rss/index.xml
2026-04-11 19:54:49,038 - INFO - [The Verge AI] 获取 0 条, 跳过 0 条已存在
2026-04-11 19:55:01,188 - WARNING - 请求失败 (2/3): https://www.geekpark.net/rss, 错误: HTTPSConnectionPool(host='www.geekpark.net', port=443): Max retries exceeded with url: /rss (Caused by ConnectTimeoutError(<urllib3.connection.HTTPSConnection object at 0x7fc83f927c10>, 'Connection to www.geekpark.net timed out. (connect timeout=15)'))
2026-04-11 19:55:20,204 - ERROR - 请求最终失败: https://www.geekpark.net/rss, 错误: HTTPSConnectionPool(host='www.geekpark.net', port=443): Max retries exceeded with url: /rss (Caused by ConnectTimeoutError(<urllib3.connection.HTTPSConnection object at 0x7fc83d104b10>, 'Connection to www.geekpark.net timed out. (connect timeout=15)'))
2026-04-11 19:55:20,204 - ERROR - [极客公园] 抓取错误: HTTPSConnectionPool(host='www.geekpark.net', port=443): Max retries exceeded with url: /rss (Caused by ConnectTimeoutError(<urllib3.connection.HTTPSConnection object at 0x7fc83d104b10>, 'Connection to www.geekpark.net timed out. (connect timeout=15)'))
2026-04-11 19:55:20,204 - INFO - [极客公园] 获取 0 条, 跳过 0 条已存在
2026-04-11 19:55:20,205 - INFO - 总计: 18 条新闻
2026-04-11 19:55:20,205 - INFO - 去重后: 18 条
2026-04-11 19:55:20,205 - INFO - 精选: 10 条
2026-04-11 19:55:25,743 - INFO - 推送消息已保存: data/openclaw_message.txt
2026-04-11 19:55:25,743 - INFO - ============================================================
2026-04-12 18:23:52,867 - INFO - ============================================================
2026-04-12 18:23:52,867 - INFO - AI 新闻日报 v2.1 启动
2026-04-12 18:23:52,867 - INFO - ============================================================
2026-04-12 18:23:52,868 - INFO - 启动并发抓取（4 线程）...
2026-04-12 18:23:53,359 - INFO - [InfoQ] 获取 0 条, 跳过 5 条已存在
2026-04-12 18:23:53,440 - INFO - [机器之心] 获取 0 条, 跳过 0 条已存在
2026-04-12 18:23:53,925 - INFO - [量子位] 获取 2 条, 跳过 0 条已存在
2026-04-12 18:23:53,968 - INFO - [TechCrunch AI] 获取 0 条, 跳过 0 条已存在
2026-04-12 18:23:54,060 - INFO - [MIT Tech Review] 获取 0 条, 跳过 0 条已存在
2026-04-12 18:23:54,139 - INFO - [Wired] 获取 0 条, 跳过 0 条已存在
2026-04-12 18:23:54,197 - INFO - [Ars Technica] 获取 0 条, 跳过 0 条已存在
2026-04-12 18:23:55,928 - INFO - [雷锋网] 获取 0 条, 跳过 0 条已存在
2026-04-14 13:53:10,338 - INFO - ============================================================
2026-04-14 13:53:10,339 - INFO - AI 新闻日报 v2.1 启动
2026-04-14 13:53:10,339 - INFO - ============================================================
2026-04-14 13:53:10,340 - INFO - 启动并发抓取（4 线程）...
2026-04-14 13:53:10,697 - INFO - [机器之心] 获取 0 条, 跳过 0 条已存在
2026-04-14 13:53:11,337 - INFO - [量子位] 获取 2 条, 跳过 0 条已存在
2026-04-14 13:53:11,758 - INFO - [InfoQ] 获取 0 条, 跳过 17 条已存在
2026-04-14 13:53:12,129 - INFO - [TechCrunch AI] 获取 4 条, 跳过 0 条已存在
2026-04-14 13:53:12,398 - INFO - [MIT Tech Review] 获取 1 条, 跳过 0 条已存在
2026-04-14 13:53:12,756 - INFO - [Wired] 获取 1 条, 跳过 6 条已存在
2026-04-14 13:53:12,873 - INFO - [Ars Technica] 获取 0 条, 跳过 3 条已存在
2026-04-14 13:53:13,971 - INFO - [钛媒体] 获取 3 条, 跳过 1 条已存在
2026-04-14 13:53:17,141 - INFO - [雷锋网] 获取 1 条, 跳过 0 条已存在
2026-04-14 13:53:27,275 - INFO - [36氪] 获取 9 条, 跳过 3 条已存在
2026-04-14 13:53:27,276 - INFO - 总计: 21 条新闻
2026-04-14 13:53:27,276 - INFO - 去重后: 21 条
2026-04-14 13:53:27,276 - INFO - 精选: 10 条
2026-04-14 13:53:38,994 - INFO - 推送消息已保存: data/openclaw_message.txt
2026-04-14 13:53:38,994 - INFO - ============================================================
2026-04-15 08:50:01,423 - INFO - ============================================================
2026-04-15 08:50:01,423 - INFO - AI 新闻日报 v2.1 启动
2026-04-15 08:50:01,423 - INFO - ============================================================
2026-04-15 08:50:01,424 - INFO - 启动并发抓取（4 线程）...
2026-04-15 08:50:01,735 - INFO - [机器之心] 获取 0 条, 跳过 0 条已存在
2026-04-15 08:50:02,483 - INFO - [量子位] 获取 1 条, 跳过 0 条已存在
2026-04-15 08:50:03,168 - INFO - [InfoQ] 获取 1 条, 跳过 12 条已存在
2026-04-15 08:50:03,637 - INFO - [TechCrunch AI] 获取 4 条, 跳过 1 条已存在
2026-04-15 08:50:03,925 - INFO - [MIT Tech Review] 获取 2 条, 跳过 1 条已存在
2026-04-15 08:50:04,761 - INFO - [Wired] 获取 2 条, 跳过 13 条已存在
2026-04-15 08:50:05,970 - INFO - [Ars Technica] 获取 1 条, 跳过 9 条已存在
2026-04-15 08:50:06,163 - INFO - [雷锋网] 获取 0 条, 跳过 0 条已存在
2026-04-15 08:50:10,112 - INFO - [36氪] 获取 6 条, 跳过 0 条已存在
2026-04-15 08:50:15,431 - INFO - [钛媒体] 获取 7 条, 跳过 0 条已存在
2026-04-15 08:50:15,432 - INFO - 总计: 24 条新闻
2026-04-15 08:50:15,433 - INFO - 去重后: 24 条
2026-04-15 08:50:15,433 - INFO - 精选: 10 条
2026-04-15 08:50:26,408 - INFO - 推送消息已保存: data/openclaw_message.txt
2026-04-15 08:50:26,408 - INFO - ============================================================
2026-04-16 08:50:02,444 - INFO - ============================================================
2026-04-16 08:50:02,444 - INFO - AI 新闻日报 v2.1 启动
2026-04-16 08:50:02,444 - INFO - ============================================================
2026-04-16 08:50:02,445 - INFO - 启动并发抓取（4 线程）...
2026-04-16 08:50:02,985 - INFO - [InfoQ] 获取 0 条, 跳过 10 条已存在
2026-04-16 08:50:03,264 - INFO - [机器之心] 获取 0 条, 跳过 0 条已存在
2026-04-16 08:50:03,267 - INFO - [量子位] 获取 1 条, 跳过 0 条已存在
2026-04-16 08:50:04,077 - INFO - [TechCrunch AI] 获取 11 条, 跳过 2 条已存在
2026-04-16 08:50:04,177 - INFO - [MIT Tech Review] 获取 0 条, 跳过 2 条已存在
2026-04-16 08:50:05,022 - INFO - [Wired] 获取 2 条, 跳过 7 条已存在
2026-04-16 08:50:05,881 - INFO - [雷锋网] 获取 0 条, 跳过 0 条已存在
2026-04-16 08:50:07,155 - INFO - [Ars Technica] 获取 2 条, 跳过 9 条已存在
2026-04-16 08:50:07,955 - INFO - [36氪] 获取 3 条, 跳过 0 条已存在
2026-04-16 08:50:08,657 - INFO - [钛媒体] 获取 9 条, 跳过 0 条已存在
2026-04-16 08:50:08,658 - INFO - 总计: 28 条新闻
2026-04-16 08:50:08,658 - INFO - 去重后: 28 条
2026-04-16 08:50:08,658 - INFO - 精选: 10 条
2026-04-16 08:50:30,720 - INFO - 推送消息已保存: data/openclaw_message.txt
2026-04-16 08:50:30,720 - INFO - ============================================================
2026-04-17 08:50:01,877 - INFO - ============================================================
2026-04-17 08:50:01,878 - INFO - AI 新闻日报 v2.1 启动
2026-04-17 08:50:01,878 - INFO - ============================================================
2026-04-17 08:50:01,879 - INFO - 启动并发抓取（4 线程）...
2026-04-17 08:50:02,686 - INFO - [InfoQ] 获取 0 条, 跳过 11 条已存在
2026-04-17 08:50:02,710 - INFO - [机器之心] 获取 0 条, 跳过 0 条已存在
2026-04-17 08:50:03,243 - INFO - [量子位] 获取 3 条, 跳过 0 条已存在
2026-04-17 08:50:04,260 - INFO - [TechCrunch AI] 获取 9 条, 跳过 6 条已存在
2026-04-17 08:50:04,629 - INFO - [MIT Tech Review] 获取 1 条, 跳过 3 条已存在
2026-04-17 08:50:05,207 - INFO - [Wired] 获取 1 条, 跳过 12 条已存在
2026-04-17 08:50:05,919 - INFO - [雷锋网] 获取 1 条, 跳过 0 条已存在
2026-04-17 08:50:06,807 - INFO - [36氪] 获取 4 条, 跳过 0 条已存在
2026-04-17 08:50:07,836 - INFO - [钛媒体] 获取 7 条, 跳过 1 条已存在
2026-04-17 08:50:08,285 - INFO - [Ars Technica] 获取 2 条, 跳过 10 条已存在
2026-04-17 08:50:08,286 - INFO - 总计: 28 条新闻
2026-04-17 08:50:08,286 - INFO - 去重后: 28 条
2026-04-17 08:50:08,286 - INFO - 精选: 10 条
2026-04-17 08:50:24,553 - INFO - 推送消息已保存: data/openclaw_message.txt
2026-04-17 08:50:24,553 - INFO - ============================================================
2026-04-18 08:50:01,638 - INFO - ============================================================
2026-04-18 08:50:01,638 - INFO - AI 新闻日报 v2.1 启动
2026-04-18 08:50:01,639 - INFO - ============================================================
2026-04-18 08:50:01,639 - INFO - 启动并发抓取（4 线程）...
2026-04-18 08:50:02,017 - INFO - [量子位] 获取 0 条, 跳过 0 条已存在
2026-04-18 08:50:02,448 - INFO - [机器之心] 获取 0 条, 跳过 0 条已存在
2026-04-18 08:50:02,552 - INFO - [InfoQ] 获取 0 条, 跳过 9 条已存在
2026-04-18 08:50:02,855 - INFO - [TechCrunch AI] 获取 3 条, 跳过 2 条已存在
2026-04-18 08:50:03,068 - INFO - [MIT Tech Review] 获取 1 条, 跳过 1 条已存在
2026-04-18 08:50:03,818 - INFO - [Wired] 获取 2 条, 跳过 6 条已存在
2026-04-18 08:50:05,133 - INFO - [Ars Technica] 获取 1 条, 跳过 6 条已存在
2026-04-18 08:50:07,108 - INFO - [雷锋网] 获取 2 条, 跳过 0 条已存在
2026-04-18 08:50:07,449 - INFO - [36氪] 获取 3 条, 跳过 7 条已存在
2026-04-18 08:50:07,475 - INFO - [钛媒体] 获取 6 条, 跳过 0 条已存在
2026-04-18 08:50:07,476 - INFO - 总计: 18 条新闻
2026-04-18 08:50:07,476 - INFO - 去重后: 18 条
2026-04-18 08:50:07,476 - INFO - 精选: 10 条
2026-04-18 08:50:29,817 - INFO - 推送消息已保存: data/openclaw_message.txt
2026-04-18 08:50:29,817 - INFO - ============================================================
2026-04-19 08:50:01,469 - INFO - ============================================================
2026-04-19 08:50:01,469 - INFO - AI 新闻日报 v2.1 启动
2026-04-19 08:50:01,469 - INFO - ============================================================
2026-04-19 08:50:01,470 - INFO - 启动并发抓取（4 线程）...
2026-04-19 08:50:01,826 - INFO - [机器之心] 获取 0 条, 跳过 0 条已存在
2026-04-19 08:50:02,387 - INFO - [量子位] 获取 1 条, 跳过 0 条已存在
2026-04-19 08:50:02,944 - INFO - [36氪] 获取 0 条, 跳过 0 条已存在
2026-04-19 08:50:03,125 - INFO - [InfoQ] 获取 1 条, 跳过 3 条已存在
2026-04-19 08:50:03,413 - INFO - [MIT Tech Review] 获取 0 条, 跳过 0 条已存在
2026-04-19 08:50:03,906 - INFO - [雷锋网] 获取 0 条, 跳过 0 条已存在
2026-04-19 08:50:03,910 - INFO - [TechCrunch AI] 获取 3 条, 跳过 0 条已存在
2026-04-19 08:50:03,967 - INFO - [Ars Technica] 获取 0 条, 跳过 1 条已存在
2026-04-19 08:50:04,282 - INFO - [Wired] 获取 2 条, 跳过 3 条已存在
2026-04-19 08:50:05,379 - INFO - [钛媒体] 获取 3 条, 跳过 0 条已存在
2026-04-19 08:50:05,380 - INFO - 总计: 10 条新闻
2026-04-19 08:50:05,380 - INFO - 去重后: 10 条
2026-04-19 08:50:05,380 - INFO - 精选: 10 条
2026-04-19 08:50:33,301 - INFO - 推送消息已保存: data/openclaw_message.txt
2026-04-19 08:50:33,301 - INFO - ============================================================
2026-04-20 08:50:01,776 - INFO - ============================================================
2026-04-20 08:50:01,777 - INFO - AI 新闻日报 v2.1 启动
2026-04-20 08:50:01,777 - INFO - ============================================================
2026-04-20 08:50:01,778 - INFO - 启动并发抓取（4 线程）...
2026-04-20 08:50:02,639 - INFO - [机器之心] 获取 0 条, 跳过 0 条已存在
2026-04-20 08:50:02,919 - INFO - [InfoQ] 获取 1 条, 跳过 2 条已存在
2026-04-20 08:50:03,142 - INFO - [量子位] 获取 3 条, 跳过 0 条已存在
2026-04-20 08:50:03,325 - INFO - [TechCrunch AI] 获取 1 条, 跳过 1 条已存在
2026-04-20 08:50:03,404 - INFO - [MIT Tech Review] 获取 0 条, 跳过 0 条已存在
2026-04-20 08:50:03,501 - INFO - [Wired] 获取 0 条, 跳过 2 条已存在
2026-04-20 08:50:03,595 - INFO - [Ars Technica] 获取 0 条, 跳过 1 条已存在
2026-04-20 08:50:04,983 - INFO - [雷锋网] 获取 1 条, 跳过 0 条已存在
2026-04-20 08:50:07,222 - INFO - [钛媒体] 获取 4 条, 跳过 1 条已存在
2026-04-20 08:50:07,401 - INFO - [36氪] 获取 4 条, 跳过 0 条已存在
2026-04-20 08:50:07,402 - INFO - 总计: 14 条新闻
2026-04-20 08:50:07,402 - INFO - 去重后: 14 条
2026-04-20 08:50:07,402 - INFO - 精选: 10 条
2026-04-20 08:50:13,440 - INFO - 推送消息已保存: data/openclaw_message.txt
2026-04-20 08:50:13,440 - INFO - ============================================================
2026-04-20 15:43:44,680 - INFO - ============================================================
2026-04-20 15:43:44,682 - INFO - AI 新闻日报 v2.1 启动
2026-04-20 15:43:44,684 - INFO - ============================================================
2026-04-20 15:43:44,687 - INFO - 启动并发抓取（4 线程）...
2026-04-20 15:43:45,095 - INFO - [量子位] 获取 0 条, 跳过 0 条已存在
2026-04-20 15:43:45,955 - INFO - [InfoQ] 获取 1 条, 跳过 10 条已存在
2026-04-20 15:43:46,618 - INFO - [机器之心] 获取 0 条, 跳过 0 条已存在
2026-04-20 15:43:46,792 - INFO - [TechCrunch AI] 获取 0 条, 跳过 2 条已存在
2026-04-20 15:43:47,216 - INFO - [MIT Tech Review] 获取 0 条, 跳过 0 条已存在
2026-04-20 15:43:47,655 - INFO - [Wired] 获取 0 条, 跳过 0 条已存在
2026-04-20 15:43:49,171 - INFO - [Ars Technica] 获取 1 条, 跳过 0 条已存在
2026-04-20 15:43:52,539 - INFO - [钛媒体] 获取 6 条, 跳过 0 条已存在
2026-04-20 15:43:54,958 - INFO - [雷锋网] 获取 3 条, 跳过 0 条已存在
2026-04-20 15:44:01,760 - INFO - [36氪] 获取 6 条, 跳过 4 条已存在
2026-04-20 15:44:01,776 - INFO - 总计: 17 条新闻
2026-04-20 15:44:01,776 - INFO - 去重后: 17 条
2026-04-20 15:44:01,777 - INFO - 精选: 10 条
2026-04-20 15:44:01,800 - INFO - 推送消息已保存: data/openclaw_message.txt
2026-04-20 15:44:01,800 - INFO - ============================================================
2026-04-21 08:50:01,705 - INFO - ============================================================
2026-04-21 08:50:01,705 - INFO - AI 新闻日报 v2.1 启动
2026-04-21 08:50:01,705 - INFO - ============================================================
2026-04-21 08:50:01,706 - INFO - 启动并发抓取（4 线程）...
2026-04-21 08:50:02,008 - INFO - [机器之心] 获取 0 条, 跳过 0 条已存在
2026-04-21 08:50:02,509 - INFO - [量子位] 获取 1 条, 跳过 0 条已存在
2026-04-21 08:50:03,944 - INFO - [InfoQ] 获取 1 条, 跳过 13 条已存在
2026-04-21 08:50:04,277 - INFO - [TechCrunch AI] 获取 3 条, 跳过 1 条已存在
2026-04-21 08:50:04,823 - INFO - [MIT Tech Review] 获取 1 条, 跳过 2 条已存在
2026-04-21 08:50:06,347 - INFO - [Wired] 获取 3 条, 跳过 3 条已存在
2026-04-21 08:50:06,509 - INFO - [Ars Technica] 获取 0 条, 跳过 8 条已存在
2026-04-21 08:50:08,209 - INFO - [36氪] 获取 5 条, 跳过 0 条已存在
2026-04-21 08:50:09,935 - INFO - [钛媒体] 获取 6 条, 跳过 0 条已存在
2026-04-21 08:50:11,752 - INFO - [雷锋网] 获取 3 条, 跳过 0 条已存在
2026-04-21 08:50:11,753 - INFO - 总计: 23 条新闻
2026-04-21 08:50:11,753 - INFO - 去重后: 23 条
2026-04-21 08:50:11,754 - INFO - 精选: 10 条
2026-04-21 08:50:18,567 - INFO - 推送消息已保存: data/openclaw_message.txt
2026-04-21 08:50:18,567 - INFO - ============================================================
2026-04-22 08:50:01,597 - INFO - ============================================================
2026-04-22 08:50:01,598 - INFO - AI 新闻日报 v2.1 启动
2026-04-22 08:50:01,598 - INFO - ============================================================
2026-04-22 08:50:01,599 - INFO - 启动并发抓取（4 线程）...
2026-04-22 08:50:01,943 - INFO - [机器之心] 获取 0 条, 跳过 0 条已存在
2026-04-22 08:50:02,659 - INFO - [量子位] 获取 2 条, 跳过 0 条已存在
2026-04-22 08:50:03,499 - INFO - [InfoQ] 获取 1 条, 跳过 16 条已存在
2026-04-22 08:50:04,185 - INFO - [TechCrunch AI] 获取 6 条, 跳过 4 条已存在
2026-04-22 08:50:04,710 - INFO - [MIT Tech Review] 获取 3 条, 跳过 2 条已存在
2026-04-22 08:50:05,506 - INFO - [雷锋网] 获取 1 条, 跳过 0 条已存在
2026-04-22 08:50:05,637 - INFO - [Wired] 获取 2 条, 跳过 5 条已存在
2026-04-22 08:50:05,932 - INFO - [钛媒体] 获取 2 条, 跳过 0 条已存在
2026-04-22 08:50:06,472 - INFO - [36氪] 获取 4 条, 跳过 1 条已存在
2026-04-22 08:50:06,717 - INFO - [Ars Technica] 获取 1 条, 跳过 14 条已存在
2026-04-22 08:50:06,718 - INFO - 总计: 22 条新闻
2026-04-22 08:50:06,718 - INFO - 去重后: 22 条
2026-04-22 08:50:06,718 - INFO - 精选: 10 条
2026-04-22 08:50:31,789 - INFO - 推送消息已保存: data/openclaw_message.txt
2026-04-22 08:50:31,789 - INFO - ============================================================
2026-04-23 08:50:01,378 - INFO - ============================================================
2026-04-23 08:50:01,379 - INFO - AI 新闻日报 v2.1 启动
2026-04-23 08:50:01,379 - INFO - ============================================================
2026-04-23 08:50:01,380 - INFO - 启动并发抓取（4 线程）...
2026-04-23 08:50:01,740 - INFO - [机器之心] 获取 0 条, 跳过 0 条已存在
2026-04-23 08:50:02,172 - INFO - [量子位] 获取 1 条, 跳过 0 条已存在
2026-04-23 08:50:02,667 - INFO - [InfoQ] 获取 1 条, 跳过 11 条已存在
2026-04-23 08:50:03,247 - INFO - [TechCrunch AI] 获取 6 条, 跳过 5 条已存在
2026-04-23 08:50:03,483 - INFO - [MIT Tech Review] 获取 1 条, 跳过 3 条已存在
2026-04-23 08:50:04,807 - INFO - [Wired] 获取 5 条, 跳过 7 条已存在
2026-04-23 08:50:05,934 - INFO - [Ars Technica] 获取 1 条, 跳过 13 条已存在
2026-04-23 08:50:07,611 - INFO - [雷锋网] 获取 2 条, 跳过 1 条已存在
2026-04-23 08:50:08,639 - INFO - [钛媒体] 获取 5 条, 跳过 0 条已存在
2026-04-23 08:50:10,461 - INFO - [36氪] 获取 6 条, 跳过 0 条已存在
2026-04-23 08:50:10,462 - INFO - 总计: 28 条新闻
2026-04-23 08:50:10,462 - INFO - 去重后: 28 条
2026-04-23 08:50:10,462 - INFO - 精选: 10 条
2026-04-23 08:50:16,875 - INFO - 推送消息已保存: data/openclaw_message.txt
2026-04-23 08:50:16,875 - INFO - ============================================================
2026-04-24 08:50:02,119 - INFO - ============================================================
2026-04-24 08:50:02,120 - INFO - AI 新闻日报 v2.1 启动
2026-04-24 08:50:02,120 - INFO - ============================================================
2026-04-24 08:50:02,121 - INFO - 启动并发抓取（4 线程）...
2026-04-24 08:50:02,440 - INFO - [机器之心] 获取 0 条, 跳过 0 条已存在
2026-04-24 08:50:02,894 - INFO - [InfoQ] 获取 0 条, 跳过 5 条已存在
2026-04-24 08:50:03,968 - INFO - [量子位] 获取 4 条, 跳过 0 条已存在
2026-04-24 08:50:04,927 - INFO - [TechCrunch AI] 获取 5 条, 跳过 1 条已存在
2026-04-24 08:50:05,031 - INFO - [MIT Tech Review] 获取 0 条, 跳过 0 条已存在
2026-04-24 08:50:05,649 - INFO - [Wired] 获取 2 条, 跳过 8 条已存在
2026-04-24 08:50:06,258 - INFO - [钛媒体] 获取 3 条, 跳过 0 条已存在
2026-04-24 08:50:07,046 - INFO - [Ars Technica] 获取 1 条, 跳过 7 条已存在
2026-04-24 08:50:07,457 - INFO - [雷锋网] 获取 2 条, 跳过 0 条已存在
2026-04-24 08:50:09,957 - INFO - [36氪] 获取 5 条, 跳过 0 条已存在
2026-04-24 08:50:09,958 - INFO - 总计: 22 条新闻
2026-04-24 08:50:09,958 - INFO - 去重后: 22 条
2026-04-24 08:50:09,958 - INFO - 精选: 10 条
2026-04-24 08:50:22,295 - INFO - 推送消息已保存: data/openclaw_message.txt
2026-04-24 08:50:22,295 - INFO - ============================================================
2026-04-25 08:50:01,936 - INFO - ============================================================
2026-04-25 08:50:01,936 - INFO - AI 新闻日报 v2.1 启动
2026-04-25 08:50:01,936 - INFO - ============================================================
2026-04-25 08:50:01,937 - INFO - 启动并发抓取（4 线程）...
2026-04-25 08:50:02,753 - INFO - [机器之心] 获取 0 条, 跳过 0 条已存在
2026-04-25 08:50:03,950 - INFO - [InfoQ] 获取 1 条, 跳过 19 条已存在
2026-04-25 08:50:04,123 - INFO - [量子位] 获取 5 条, 跳过 2 条已存在
2026-04-25 08:50:04,839 - INFO - [TechCrunch AI] 获取 7 条, 跳过 1 条已存在
2026-04-25 08:50:05,007 - INFO - [MIT Tech Review] 获取 1 条, 跳过 2 条已存在
2026-04-25 08:50:05,485 - INFO - [Wired] 获取 2 条, 跳过 10 条已存在
2026-04-25 08:50:05,920 - INFO - [Ars Technica] 获取 0 条, 跳过 6 条已存在
2026-04-25 08:50:09,150 - INFO - [36氪] 获取 4 条, 跳过 3 条已存在
2026-04-25 08:50:09,434 - INFO - [钛媒体] 获取 1 条, 跳过 1 条已存在
2026-04-25 08:50:22,477 - INFO - [雷锋网] 获取 8 条, 跳过 1 条已存在
2026-04-25 08:50:22,478 - INFO - 总计: 29 条新闻
2026-04-25 08:50:22,478 - INFO - 去重后: 29 条
2026-04-25 08:50:22,478 - INFO - 精选: 10 条
2026-04-25 08:50:28,803 - INFO - 推送消息已保存: data/openclaw_message.txt
2026-04-25 08:50:28,804 - INFO - ============================================================
2026-04-26 08:50:01,610 - INFO - ============================================================
2026-04-26 08:50:01,611 - INFO - AI 新闻日报 v2.1 启动
2026-04-26 08:50:01,611 - INFO - ============================================================
2026-04-26 08:50:01,611 - INFO - 启动并发抓取（4 线程）...
2026-04-26 08:50:01,904 - INFO - [量子位] 获取 0 条, 跳过 0 条已存在
2026-04-26 08:50:02,366 - INFO - [机器之心] 获取 0 条, 跳过 0 条已存在
2026-04-26 08:50:03,635 - INFO - [InfoQ] 获取 1 条, 跳过 3 条已存在
2026-04-26 08:50:04,251 - INFO - [TechCrunch AI] 获取 3 条, 跳过 1 条已存在
2026-04-26 08:50:04,321 - INFO - [MIT Tech Review] 获取 0 条, 跳过 0 条已存在
2026-04-26 08:50:04,634 - INFO - [Wired] 获取 1 条, 跳过 1 条已存在
2026-04-26 08:50:04,706 - INFO - [Ars Technica] 获取 0 条, 跳过 2 条已存在
2026-04-26 08:50:05,467 - INFO - [36氪] 获取 3 条, 跳过 0 条已存在
2026-04-26 08:50:08,707 - INFO - [钛媒体] 获取 3 条, 跳过 0 条已存在
2026-04-26 08:50:12,045 - INFO - [雷锋网] 获取 2 条, 跳过 0 条已存在
2026-04-26 08:50:12,046 - INFO - 总计: 13 条新闻
2026-04-26 08:50:12,046 - INFO - 去重后: 13 条
2026-04-26 08:50:12,046 - INFO - 精选: 10 条
2026-04-26 08:50:46,363 - INFO - 推送消息已保存: data/openclaw_message.txt
2026-04-26 08:50:46,363 - INFO - ============================================================
2026-04-27 08:50:02,237 - INFO - ============================================================
2026-04-27 08:50:02,237 - INFO - AI 新闻日报 v2.1 启动
2026-04-27 08:50:02,237 - INFO - ============================================================
2026-04-27 08:50:02,238 - INFO - 启动并发抓取（4 线程）...
2026-04-27 08:50:02,973 - INFO - [机器之心] 获取 0 条, 跳过 0 条已存在
2026-04-27 08:50:03,214 - INFO - [量子位] 获取 2 条, 跳过 0 条已存在
2026-04-27 08:50:03,683 - INFO - [InfoQ] 获取 1 条, 跳过 0 条已存在
2026-04-27 08:50:03,792 - INFO - [TechCrunch AI] 获取 1 条, 跳过 0 条已存在
2026-04-27 08:50:03,840 - INFO - [雷锋网] 获取 0 条, 跳过 0 条已存在
2026-04-27 08:50:03,916 - INFO - [MIT Tech Review] 获取 0 条, 跳过 0 条已存在
2026-04-27 08:50:04,016 - INFO - [Ars Technica] 获取 0 条, 跳过 2 条已存在
2026-04-27 08:50:04,206 - INFO - [Wired] 获取 1 条, 跳过 1 条已存在
2026-04-27 08:50:06,926 - INFO - [钛媒体] 获取 2 条, 跳过 0 条已存在
2026-04-27 08:50:13,990 - INFO - [36氪] 获取 3 条, 跳过 0 条已存在
2026-04-27 08:50:13,991 - INFO - 总计: 10 条新闻
2026-04-27 08:50:13,991 - INFO - 去重后: 10 条
2026-04-27 08:50:13,991 - INFO - 精选: 10 条
2026-04-27 08:50:26,114 - INFO - 推送消息已保存: data/openclaw_message.txt
2026-04-27 08:50:26,114 - INFO - ============================================================
2026-04-28 08:50:01,569 - INFO - ============================================================
2026-04-28 08:50:01,570 - INFO - AI 新闻日报 v2.1 启动
2026-04-28 08:50:01,570 - INFO - ============================================================
2026-04-28 08:50:01,570 - INFO - 启动并发抓取（4 线程）...
2026-04-28 08:50:01,916 - INFO - [机器之心] 获取 0 条, 跳过 0 条已存在
2026-04-28 08:50:03,888 - INFO - [InfoQ] 获取 1 条, 跳过 8 条已存在
2026-04-28 08:50:04,401 - INFO - [量子位] 获取 5 条, 跳过 0 条已存在
2026-04-28 08:50:05,008 - INFO - [TechCrunch AI] 获取 4 条, 跳过 1 条已存在
2026-04-28 08:50:05,341 - INFO - [MIT Tech Review] 获取 2 条, 跳过 1 条已存在
2026-04-28 08:50:05,765 - INFO - [36氪] 获取 4 条, 跳过 1 条已存在
2026-04-28 08:50:05,775 - INFO - [Wired] 获取 0 条, 跳过 7 条已存在
2026-04-28 08:50:07,130 - INFO - [Ars Technica] 获取 1 条, 跳过 8 条已存在
2026-04-28 08:50:08,170 - INFO - [雷锋网] 获取 2 条, 跳过 2 条已存在
2026-04-28 08:50:09,233 - INFO - [钛媒体] 获取 5 条, 跳过 2 条已存在
2026-04-28 08:50:09,234 - INFO - 总计: 24 条新闻
2026-04-28 08:50:09,234 - INFO - 去重后: 24 条
2026-04-28 08:50:09,234 - INFO - 精选: 10 条
2026-04-28 08:50:32,958 - INFO - 推送消息已保存: data/openclaw_message.txt
2026-04-28 08:50:32,958 - INFO - ============================================================
2026-04-29 08:50:02,439 - INFO - ============================================================
2026-04-29 08:50:02,439 - INFO - AI 新闻日报 v2.1 启动
2026-04-29 08:50:02,439 - INFO - ============================================================
2026-04-29 08:50:02,440 - INFO - 启动并发抓取（4 线程）...
2026-04-29 08:50:02,792 - INFO - [机器之心] 获取 0 条, 跳过 0 条已存在
2026-04-29 08:50:03,103 - INFO - [量子位] 获取 1 条, 跳过 0 条已存在
2026-04-29 08:50:03,316 - INFO - [InfoQ] 获取 0 条, 跳过 10 条已存在
2026-04-29 08:50:03,782 - INFO - [TechCrunch AI] 获取 4 条, 跳过 2 条已存在
2026-04-29 08:50:03,971 - INFO - [MIT Tech Review] 获取 1 条, 跳过 0 条已存在
2026-04-29 08:50:05,246 - INFO - [雷锋网] 获取 1 条, 跳过 0 条已存在
2026-04-29 08:50:05,435 - INFO - [Ars Technica] 获取 0 条, 跳过 7 条已存在
2026-04-29 08:50:05,775 - INFO - [Wired] 获取 6 条, 跳过 10 条已存在
2026-04-29 08:50:10,487 - INFO - [36氪] 获取 7 条, 跳过 1 条已存在
2026-04-29 08:50:11,854 - INFO - [钛媒体] 获取 7 条, 跳过 0 条已存在
2026-04-29 08:50:11,855 - INFO - 总计: 27 条新闻
2026-04-29 08:50:11,855 - INFO - 去重后: 27 条
2026-04-29 08:50:11,855 - INFO - 精选: 10 条
2026-04-29 08:50:30,367 - INFO - 推送消息已保存: data/openclaw_message.txt
2026-04-29 08:50:30,367 - INFO - ============================================================
2026-04-30 08:50:01,764 - INFO - ============================================================
2026-04-30 08:50:01,764 - INFO - AI 新闻日报 v2.1 启动
2026-04-30 08:50:01,764 - INFO - ============================================================
2026-04-30 08:50:01,765 - INFO - 启动并发抓取（4 线程）...
2026-04-30 08:50:02,091 - INFO - [机器之心] 获取 0 条, 跳过 0 条已存在
2026-04-30 08:50:02,188 - INFO - [量子位] 获取 0 条, 跳过 0 条已存在
2026-04-30 08:50:03,335 - INFO - [InfoQ] 获取 1 条, 跳过 19 条已存在
2026-04-30 08:50:04,071 - INFO - [TechCrunch AI] 获取 8 条, 跳过 4 条已存在
2026-04-30 08:50:04,181 - INFO - [MIT Tech Review] 获取 0 条, 跳过 1 条已存在
2026-04-30 08:50:06,294 - INFO - [Wired] 获取 5 条, 跳过 3 条已存在
2026-04-30 08:50:08,427 - INFO - [Ars Technica] 获取 2 条, 跳过 10 条已存在
2026-04-30 08:50:10,869 - INFO - [36氪] 获取 5 条, 跳过 1 条已存在
2026-04-30 08:50:11,709 - INFO - [钛媒体] 获取 4 条, 跳过 1 条已存在
2026-04-30 08:50:12,384 - INFO - [雷锋网] 获取 5 条, 跳过 0 条已存在
2026-04-30 08:50:12,385 - INFO - 总计: 30 条新闻
2026-04-30 08:50:12,385 - INFO - 去重后: 30 条
2026-04-30 08:50:12,385 - INFO - 精选: 10 条
2026-04-30 08:50:31,621 - INFO - 推送消息已保存: data/openclaw_message.txt
2026-04-30 08:50:31,621 - INFO - ============================================================
2026-05-01 08:50:02,233 - INFO - ============================================================
2026-05-01 08:50:02,234 - INFO - AI 新闻日报 v2.1 启动
2026-05-01 08:50:02,234 - INFO - ============================================================
2026-05-01 08:50:02,235 - INFO - 启动并发抓取（4 线程）...
2026-05-01 08:50:02,553 - INFO - [机器之心] 获取 0 条, 跳过 0 条已存在
2026-05-01 08:50:03,272 - INFO - [InfoQ] 获取 1 条, 跳过 13 条已存在
2026-05-01 08:50:03,710 - INFO - [量子位] 获取 2 条, 跳过 0 条已存在
2026-05-01 08:50:04,748 - INFO - [TechCrunch AI] 获取 8 条, 跳过 4 条已存在
2026-05-01 08:50:04,958 - INFO - [MIT Tech Review] 获取 1 条, 跳过 1 条已存在
2026-05-01 08:50:05,874 - INFO - [36氪] 获取 2 条, 跳过 2 条已存在
2026-05-01 08:50:06,591 - INFO - [Wired] 获取 2 条, 跳过 12 条已存在
2026-05-01 08:50:08,449 - INFO - [Ars Technica] 获取 2 条, 跳过 10 条已存在
2026-05-01 08:50:10,376 - INFO - [雷锋网] 获取 2 条, 跳过 0 条已存在
2026-05-01 08:50:16,037 - INFO - [钛媒体] 获取 7 条, 跳过 0 条已存在
2026-05-01 08:50:16,038 - INFO - 总计: 27 条新闻
2026-05-01 08:50:16,038 - INFO - 去重后: 27 条
2026-05-01 08:50:16,038 - INFO - 精选: 10 条
2026-05-01 08:50:40,989 - INFO - 推送消息已保存: data/openclaw_message.txt
2026-05-01 08:50:40,989 - INFO - ============================================================
2026-05-02 08:50:01,677 - INFO - ============================================================
2026-05-02 08:50:01,678 - INFO - AI 新闻日报 v2.1 启动
2026-05-02 08:50:01,678 - INFO - ============================================================
2026-05-02 08:50:01,680 - INFO - 启动并发抓取（4 线程）...
2026-05-02 08:50:02,505 - INFO - [机器之心] 获取 0 条, 跳过 0 条已存在
2026-05-02 08:50:02,741 - INFO - [量子位] 获取 2 条, 跳过 0 条已存在
2026-05-02 08:50:03,597 - INFO - [36氪] 获取 1 条, 跳过 0 条已存在
2026-05-02 08:50:03,731 - INFO - [TechCrunch AI] 获取 1 条, 跳过 2 条已存在
2026-05-02 08:50:03,842 - INFO - [InfoQ] 获取 1 条, 跳过 4 条已存在
2026-05-02 08:50:04,301 - INFO - [Wired] 获取 1 条, 跳过 4 条已存在
2026-05-02 08:50:04,341 - INFO - [MIT Tech Review] 获取 4 条, 跳过 2 条已存在
2026-05-02 08:50:04,843 - INFO - [钛媒体] 获取 0 条, 跳过 0 条已存在
2026-05-02 08:50:05,458 - INFO - [雷锋网] 获取 0 条, 跳过 0 条已存在
2026-05-02 08:50:08,901 - INFO - [Ars Technica] 获取 5 条, 跳过 8 条已存在
2026-05-02 08:50:08,902 - INFO - 总计: 15 条新闻
2026-05-02 08:50:08,902 - INFO - 去重后: 15 条
2026-05-02 08:50:08,902 - INFO - 精选: 10 条
2026-05-02 08:50:46,630 - INFO - 推送消息已保存: data/openclaw_message.txt
2026-05-02 08:50:46,630 - INFO - ============================================================
2026-05-03 08:50:01,624 - INFO - ============================================================
2026-05-03 08:50:01,625 - INFO - AI 新闻日报 v2.1 启动
2026-05-03 08:50:01,625 - INFO - ============================================================
2026-05-03 08:50:01,626 - INFO - 启动并发抓取（4 线程）...
2026-05-03 08:50:01,908 - INFO - [量子位] 获取 0 条, 跳过 0 条已存在
2026-05-03 08:50:01,974 - INFO - [InfoQ] 获取 0 条, 跳过 0 条已存在
2026-05-03 08:50:02,455 - INFO - [机器之心] 获取 0 条, 跳过 0 条已存在
2026-05-03 08:50:02,635 - INFO - [TechCrunch AI] 获取 2 条, 跳过 0 条已存在
2026-05-03 08:50:02,700 - INFO - [MIT Tech Review] 获取 0 条, 跳过 0 条已存在
2026-05-03 08:50:02,790 - INFO - [Wired] 获取 0 条, 跳过 4 条已存在
2026-05-03 08:50:02,860 - INFO - [Ars Technica] 获取 0 条, 跳过 1 条已存在
2026-05-03 08:50:03,973 - INFO - [36氪] 获取 1 条, 跳过 0 条已存在
2026-05-03 08:50:04,928 - INFO - [雷锋网] 获取 1 条, 跳过 0 条已存在
2026-05-03 08:50:04,997 - INFO - [钛媒体] 获取 2 条, 跳过 0 条已存在
2026-05-03 08:50:04,998 - INFO - 总计: 6 条新闻
2026-05-03 08:50:04,998 - INFO - 去重后: 6 条
2026-05-03 08:50:04,998 - INFO - 精选: 6 条
2026-05-03 08:50:17,571 - INFO - 推送消息已保存: data/openclaw_message.txt
2026-05-03 08:50:17,571 - INFO - ============================================================
2026-05-04 08:50:02,107 - INFO - ============================================================
2026-05-04 08:50:02,107 - INFO - AI 新闻日报 v2.1 启动
2026-05-04 08:50:02,107 - INFO - ============================================================
2026-05-04 08:50:02,108 - INFO - 启动并发抓取（4 线程）...
2026-05-04 08:50:02,230 - WARNING - 请求失败 (1/3): https://www.jiqizhixin.com/rss, 错误: HTTPSConnectionPool(host='www.jiqizhixin.com', port=443): Max retries exceeded with url: /rss (Caused by SSLError(SSLCertVerificationError(1, '[SSL: CERTIFICATE_VERIFY_FAILED] certificate verify failed: certificate has expired (_ssl.c:1016)')))
2026-05-04 08:50:03,091 - INFO - [InfoQ] 获取 1 条, 跳过 6 条已存在
2026-05-04 08:50:03,104 - INFO - [量子位] 获取 2 条, 跳过 0 条已存在
2026-05-04 08:50:03,780 - INFO - [36氪] 获取 1 条, 跳过 0 条已存在
2026-05-04 08:50:03,963 - INFO - [TechCrunch AI] 获取 2 条, 跳过 0 条已存在
2026-05-04 08:50:04,023 - INFO - [MIT Tech Review] 获取 0 条, 跳过 0 条已存在
2026-05-04 08:50:04,093 - INFO - [雷锋网] 获取 0 条, 跳过 0 条已存在
2026-05-04 08:50:04,212 - INFO - [Ars Technica] 获取 0 条, 跳过 0 条已存在
2026-05-04 08:50:04,369 - WARNING - 请求失败 (2/3): https://www.jiqizhixin.com/rss, 错误: HTTPSConnectionPool(host='www.jiqizhixin.com', port=443): Max retries exceeded with url: /rss (Caused by SSLError(SSLCertVerificationError(1, '[SSL: CERTIFICATE_VERIFY_FAILED] certificate verify failed: certificate has expired (_ssl.c:1016)')))
2026-05-04 08:50:04,382 - INFO - [Wired] 获取 1 条, 跳过 3 条已存在
2026-05-04 08:50:06,343 - INFO - [钛媒体] 获取 1 条, 跳过 0 条已存在
2026-05-04 08:50:08,749 - ERROR - 请求最终失败: https://www.jiqizhixin.com/rss, 错误: HTTPSConnectionPool(host='www.jiqizhixin.com', port=443): Max retries exceeded with url: /rss (Caused by SSLError(SSLCertVerificationError(1, '[SSL: CERTIFICATE_VERIFY_FAILED] certificate verify failed: certificate has expired (_ssl.c:1016)')))
2026-05-04 08:50:08,749 - ERROR - [机器之心] 抓取错误: HTTPSConnectionPool(host='www.jiqizhixin.com', port=443): Max retries exceeded with url: /rss (Caused by SSLError(SSLCertVerificationError(1, '[SSL: CERTIFICATE_VERIFY_FAILED] certificate verify failed: certificate has expired (_ssl.c:1016)')))
2026-05-04 08:50:08,749 - INFO - [机器之心] 获取 0 条, 跳过 0 条已存在
2026-05-04 08:50:08,749 - INFO - 总计: 8 条新闻
2026-05-04 08:50:08,749 - INFO - 去重后: 8 条
2026-05-04 08:50:08,749 - INFO - 精选: 8 条
2026-05-04 08:50:26,574 - INFO - 推送消息已保存: data/openclaw_message.txt
2026-05-04 08:50:26,574 - INFO - ============================================================
2026-05-05 08:50:01,898 - INFO - ============================================================
2026-05-05 08:50:01,899 - INFO - AI 新闻日报 v2.1 启动
2026-05-05 08:50:01,899 - INFO - ============================================================
2026-05-05 08:50:01,900 - INFO - 启动并发抓取（4 线程）...
2026-05-05 08:50:02,310 - INFO - [量子位] 获取 0 条, 跳过 0 条已存在
2026-05-05 08:50:02,353 - INFO - [InfoQ] 获取 0 条, 跳过 7 条已存在
2026-05-05 08:50:02,734 - INFO - [机器之心] 获取 0 条, 跳过 0 条已存在
2026-05-05 08:50:03,203 - INFO - [TechCrunch AI] 获取 5 条, 跳过 2 条已存在
2026-05-05 08:50:03,357 - INFO - [MIT Tech Review] 获取 1 条, 跳过 1 条已存在
2026-05-05 08:50:03,479 - INFO - [雷锋网] 获取 0 条, 跳过 0 条已存在
2026-05-05 08:50:03,851 - INFO - [36氪] 获取 1 条, 跳过 0 条已存在
2026-05-05 08:50:03,857 - INFO - [Wired] 获取 1 条, 跳过 6 条已存在
2026-05-05 08:50:04,485 - INFO - [Ars Technica] 获取 0 条, 跳过 7 条已存在
2026-05-05 08:50:05,091 - INFO - [钛媒体] 获取 1 条, 跳过 0 条已存在
2026-05-05 08:50:05,092 - INFO - 总计: 9 条新闻
2026-05-05 08:50:05,092 - INFO - 去重后: 9 条
2026-05-05 08:50:05,092 - INFO - 精选: 9 条
2026-05-05 08:50:49,971 - INFO - 推送消息已保存: data/openclaw_message.txt
2026-05-05 08:50:49,971 - INFO - ============================================================
2026-05-06 08:50:02,088 - INFO - ============================================================
2026-05-06 08:50:02,089 - INFO - AI 新闻日报 v2.1 启动
2026-05-06 08:50:02,089 - INFO - ============================================================
2026-05-06 08:50:02,091 - INFO - 启动并发抓取（4 线程）...
2026-05-06 08:50:02,430 - INFO - [机器之心] 获取 0 条, 跳过 0 条已存在
2026-05-06 08:50:02,471 - INFO - [量子位] 获取 0 条, 跳过 0 条已存在
2026-05-06 08:50:03,399 - INFO - [雷锋网] 获取 0 条, 跳过 0 条已存在
2026-05-06 08:50:03,834 - INFO - [InfoQ] 获取 1 条, 跳过 6 条已存在
2026-05-06 08:50:04,192 - INFO - [MIT Tech Review] 获取 1 条, 跳过 1 条已存在
2026-05-06 08:50:04,315 - INFO - [TechCrunch AI] 获取 7 条, 跳过 2 条已存在
2026-05-06 08:50:05,057 - INFO - [Wired] 获取 3 条, 跳过 6 条已存在
2026-05-06 08:50:05,572 - INFO - [36氪] 获取 4 条, 跳过 1 条已存在
2026-05-06 08:50:07,241 - INFO - [Ars Technica] 获取 3 条, 跳过 6 条已存在
2026-05-06 08:50:08,918 - INFO - [钛媒体] 获取 3 条, 跳过 0 条已存在
2026-05-06 08:50:08,919 - INFO - 总计: 22 条新闻
2026-05-06 08:50:08,919 - INFO - 去重后: 22 条
2026-05-06 08:50:08,919 - INFO - 精选: 10 条
2026-05-06 08:50:29,750 - INFO - 推送消息已保存: data/openclaw_message.txt
2026-05-06 08:50:29,750 - INFO - ============================================================
2026-05-07 08:50:01,553 - INFO - ============================================================
2026-05-07 08:50:01,554 - INFO - AI 新闻日报 v2.1 启动
2026-05-07 08:50:01,554 - INFO - ============================================================
2026-05-07 08:50:01,555 - INFO - 启动并发抓取（4 线程）...
2026-05-07 08:50:02,358 - INFO - [机器之心] 获取 0 条, 跳过 0 条已存在
2026-05-07 08:50:02,813 - INFO - [量子位] 获取 2 条, 跳过 0 条已存在
2026-05-07 08:50:03,419 - INFO - [InfoQ] 获取 1 条, 跳过 12 条已存在
2026-05-07 08:50:03,420 - INFO - [雷锋网] 获取 0 条, 跳过 0 条已存在
2026-05-07 08:50:03,558 - INFO - [MIT Tech Review] 获取 0 条, 跳过 0 条已存在
2026-05-07 08:50:04,669 - INFO - [TechCrunch AI] 获取 9 条, 跳过 3 条已存在
2026-05-07 08:50:05,290 - INFO - [Wired] 获取 5 条, 跳过 12 条已存在
2026-05-07 08:50:06,835 - INFO - [Ars Technica] 获取 2 条, 跳过 10 条已存在
2026-05-07 08:50:07,701 - INFO - [36氪] 获取 5 条, 跳过 1 条已存在
2026-05-07 08:50:08,266 - INFO - [钛媒体] 获取 3 条, 跳过 1 条已存在
2026-05-07 08:50:08,267 - INFO - 总计: 27 条新闻
2026-05-07 08:50:08,267 - INFO - 去重后: 27 条
2026-05-07 08:50:08,267 - INFO - 精选: 10 条
2026-05-07 08:50:24,510 - INFO - 推送消息已保存: data/openclaw_message.txt
2026-05-07 08:50:24,510 - INFO - ============================================================
2026-05-08 08:50:01,703 - INFO - ============================================================
2026-05-08 08:50:01,704 - INFO - AI 新闻日报 v2.1 启动
2026-05-08 08:50:01,704 - INFO - ============================================================
2026-05-08 08:50:01,705 - INFO - 启动并发抓取（4 线程）...
2026-05-08 08:50:02,118 - INFO - [机器之心] 获取 0 条, 跳过 0 条已存在
2026-05-08 08:50:02,871 - INFO - [量子位] 获取 1 条, 跳过 0 条已存在
2026-05-08 08:50:03,761 - INFO - [InfoQ] 获取 1 条, 跳过 12 条已存在
2026-05-08 08:50:04,588 - INFO - [TechCrunch AI] 获取 7 条, 跳过 3 条已存在
2026-05-08 08:50:04,719 - INFO - [MIT Tech Review] 获取 0 条, 跳过 0 条已存在
2026-05-08 08:50:05,855 - INFO - [Wired] 获取 4 条, 跳过 8 条已存在
2026-05-08 08:50:05,961 - INFO - [Ars Technica] 获取 0 条, 跳过 5 条已存在
2026-05-08 08:50:06,651 - INFO - [雷锋网] 获取 0 条, 跳过 0 条已存在
2026-05-08 08:50:08,461 - INFO - [钛媒体] 获取 4 条, 跳过 0 条已存在
2026-05-08 08:50:13,784 - INFO - [36氪] 获取 8 条, 跳过 0 条已存在
2026-05-08 08:50:13,785 - INFO - 总计: 25 条新闻
2026-05-08 08:50:13,785 - INFO - 去重后: 25 条
2026-05-08 08:50:13,785 - INFO - 精选: 10 条
2026-05-08 08:50:35,217 - INFO - 推送消息已保存: data/openclaw_message.txt
2026-05-08 08:50:35,218 - INFO - ============================================================
2026-05-09 08:50:01,799 - INFO - ============================================================
2026-05-09 08:50:01,800 - INFO - AI 新闻日报 v2.1 启动
2026-05-09 08:50:01,800 - INFO - ============================================================
2026-05-09 08:50:01,801 - INFO - 启动并发抓取（4 线程）...
2026-05-09 08:50:02,297 - INFO - [量子位] 获取 0 条, 跳过 0 条已存在
2026-05-09 08:50:02,546 - INFO - [机器之心] 获取 0 条, 跳过 0 条已存在
2026-05-09 08:50:03,508 - INFO - [InfoQ] 获取 1 条, 跳过 8 条已存在
2026-05-09 08:50:03,705 - INFO - [TechCrunch AI] 获取 2 条, 跳过 1 条已存在
2026-05-09 08:50:04,012 - INFO - [MIT Tech Review] 获取 2 条, 跳过 2 条已存在
2026-05-09 08:50:04,423 - INFO - [Wired] 获取 1 条, 跳过 5 条已存在
2026-05-09 08:50:06,672 - INFO - [Ars Technica] 获取 2 条, 跳过 11 条已存在
2026-05-09 08:50:07,286 - INFO - [雷锋网] 获取 2 条, 跳过 1 条已存在
2026-05-09 08:50:09,269 - INFO - [36氪] 获取 4 条, 跳过 2 条已存在
2026-05-09 08:50:10,949 - INFO - [钛媒体] 获取 6 条, 跳过 0 条已存在
2026-05-09 08:50:10,950 - INFO - 总计: 20 条新闻
2026-05-09 08:50:10,950 - INFO - 去重后: 20 条
2026-05-09 08:50:10,950 - INFO - 精选: 10 条
2026-05-09 08:50:31,836 - INFO - 推送消息已保存: data/openclaw_message.txt
2026-05-09 08:50:31,836 - INFO - ============================================================
2026-05-10 08:50:02,023 - INFO - ============================================================
2026-05-10 08:50:02,024 - INFO - AI 新闻日报 v2.1 启动
2026-05-10 08:50:02,024 - INFO - ============================================================
2026-05-10 08:50:02,025 - INFO - 启动并发抓取（4 线程）...
2026-05-10 08:50:02,467 - INFO - [InfoQ] 获取 0 条, 跳过 14 条已存在
2026-05-10 08:50:02,782 - INFO - [机器之心] 获取 0 条, 跳过 0 条已存在
2026-05-10 08:50:03,717 - INFO - [量子位] 获取 3 条, 跳过 0 条已存在
2026-05-10 08:50:03,927 - INFO - [TechCrunch AI] 获取 2 条, 跳过 0 条已存在
2026-05-10 08:50:04,041 - INFO - [MIT Tech Review] 获取 0 条, 跳过 0 条已存在
2026-05-10 08:50:04,162 - INFO - [Wired] 获取 0 条, 跳过 1 条已存在
2026-05-10 08:50:05,351 - INFO - [Ars Technica] 获取 1 条, 跳过 0 条已存在
2026-05-10 08:50:05,463 - INFO - [36氪] 获取 1 条, 跳过 0 条已存在
2026-05-10 08:50:06,223 - INFO - [雷锋网] 获取 1 条, 跳过 0 条已存在
2026-05-10 08:50:07,836 - INFO - [钛媒体] 获取 3 条, 跳过 0 条已存在
2026-05-10 08:50:07,837 - INFO - 总计: 11 条新闻
2026-05-10 08:50:07,837 - INFO - 去重后: 11 条
2026-05-10 08:50:07,837 - INFO - 精选: 10 条
2026-05-10 08:50:19,314 - INFO - 推送消息已保存: data/openclaw_message.txt
2026-05-10 08:50:19,314 - INFO - ============================================================
2026-05-11 08:50:01,584 - INFO - ============================================================
2026-05-11 08:50:01,584 - INFO - AI 新闻日报 v2.1 启动
2026-05-11 08:50:01,584 - INFO - ============================================================
2026-05-11 08:50:01,585 - INFO - 启动并发抓取（4 线程）...
2026-05-11 08:50:02,024 - INFO - [机器之心] 获取 0 条, 跳过 0 条已存在
2026-05-11 08:50:02,150 - INFO - [InfoQ] 获取 0 条, 跳过 3 条已存在
2026-05-11 08:50:02,311 - INFO - [量子位] 获取 1 条, 跳过 0 条已存在
2026-05-11 08:50:02,568 - INFO - [TechCrunch AI] 获取 2 条, 跳过 0 条已存在
2026-05-11 08:50:02,682 - INFO - [MIT Tech Review] 获取 0 条, 跳过 0 条已存在
2026-05-11 08:50:02,784 - INFO - [Wired] 获取 0 条, 跳过 1 条已存在
2026-05-11 08:50:02,870 - INFO - [Ars Technica] 获取 0 条, 跳过 0 条已存在
2026-05-11 08:50:03,454 - INFO - [雷锋网] 获取 0 条, 跳过 0 条已存在
2026-05-11 08:50:05,446 - INFO - [36氪] 获取 4 条, 跳过 0 条已存在
2026-05-11 08:50:08,998 - INFO - [钛媒体] 获取 5 条, 跳过 0 条已存在
2026-05-11 08:50:09,000 - INFO - 总计: 12 条新闻
2026-05-11 08:50:09,000 - INFO - 去重后: 12 条
2026-05-11 08:50:09,000 - INFO - 精选: 10 条
2026-05-11 08:50:20,225 - INFO - 推送消息已保存: data/openclaw_message.txt
2026-05-11 08:50:20,226 - INFO - ============================================================
2026-05-12 08:50:02,470 - INFO - ============================================================
2026-05-12 08:50:02,470 - INFO - AI 新闻日报 v2.1 启动
2026-05-12 08:50:02,470 - INFO - ============================================================
2026-05-12 08:50:02,471 - INFO - 启动并发抓取（4 线程）...
2026-05-12 08:50:02,865 - INFO - [机器之心] 获取 0 条, 跳过 0 条已存在
2026-05-12 08:50:02,964 - INFO - [InfoQ] 获取 0 条, 跳过 11 条已存在
2026-05-12 08:50:03,418 - INFO - [量子位] 获取 1 条, 跳过 0 条已存在
2026-05-12 08:50:03,873 - INFO - [TechCrunch AI] 获取 3 条, 跳过 0 条已存在
2026-05-12 08:50:04,532 - INFO - [MIT Tech Review] 获取 3 条, 跳过 1 条已存在
2026-05-12 08:50:05,687 - INFO - [Wired] 获取 2 条, 跳过 6 条已存在
2026-05-12 08:50:07,363 - INFO - [Ars Technica] 获取 1 条, 跳过 7 条已存在
2026-05-12 08:50:07,991 - INFO - [36氪] 获取 3 条, 跳过 0 条已存在
2026-05-12 08:50:09,538 - INFO - [雷锋网] 获取 2 条, 跳过 0 条已存在
2026-05-12 08:50:19,407 - INFO - [钛媒体] 获取 11 条, 跳过 0 条已存在
2026-05-12 08:50:19,410 - INFO - 总计: 26 条新闻
2026-05-12 08:50:19,410 - INFO - 去重后: 26 条
2026-05-12 08:50:19,410 - INFO - 精选: 10 条
2026-05-12 08:50:35,678 - INFO - 推送消息已保存: data/openclaw_message.txt
2026-05-12 08:50:35,678 - INFO - ============================================================
2026-05-13 08:50:02,230 - INFO - ============================================================
2026-05-13 08:50:02,231 - INFO - AI 新闻日报 v2.1 启动
2026-05-13 08:50:02,231 - INFO - ============================================================
2026-05-13 08:50:02,233 - INFO - 启动并发抓取（4 线程）...
2026-05-13 08:50:03,046 - INFO - [机器之心] 获取 0 条, 跳过 0 条已存在
2026-05-13 08:50:03,625 - INFO - [量子位] 获取 2 条, 跳过 0 条已存在
2026-05-13 08:50:03,879 - INFO - [InfoQ] 获取 1 条, 跳过 13 条已存在
2026-05-13 08:50:04,795 - INFO - [TechCrunch AI] 获取 7 条, 跳过 3 条已存在
2026-05-13 08:50:04,919 - INFO - [MIT Tech Review] 获取 0 条, 跳过 2 条已存在
2026-05-13 08:50:06,345 - INFO - [36氪] 获取 2 条, 跳过 1 条已存在
2026-05-13 08:50:07,389 - INFO - [Wired] 获取 5 条, 跳过 9 条已存在
2026-05-13 08:50:08,349 - INFO - [钛媒体] 获取 3 条, 跳过 0 条已存在
2026-05-13 08:50:09,063 - INFO - [雷锋网] 获取 2 条, 跳过 0 条已存在
2026-05-13 08:50:09,871 - INFO - [Ars Technica] 获取 3 条, 跳过 3 条已存在
2026-05-13 08:50:09,872 - INFO - 总计: 25 条新闻
2026-05-13 08:50:09,872 - INFO - 去重后: 25 条
2026-05-13 08:50:09,872 - INFO - 精选: 10 条
2026-05-13 08:50:42,793 - INFO - 推送消息已保存: data/openclaw_message.txt
2026-05-13 08:50:42,793 - INFO - ============================================================
2026-05-14 08:50:01,606 - INFO - ============================================================
2026-05-14 08:50:01,608 - INFO - AI 新闻日报 v2.1 启动
2026-05-14 08:50:01,608 - INFO - ============================================================
2026-05-14 08:50:01,609 - INFO - 启动并发抓取（4 线程）...
2026-05-14 08:50:01,962 - INFO - [机器之心] 获取 0 条, 跳过 0 条已存在
2026-05-14 08:50:02,574 - INFO - [量子位] 获取 2 条, 跳过 0 条已存在
2026-05-14 08:50:03,760 - INFO - [InfoQ] 获取 1 条, 跳过 17 条已存在
2026-05-14 08:50:05,784 - INFO - [TechCrunch AI] 获取 8 条, 跳过 2 条已存在
2026-05-14 08:50:05,789 - INFO - [钛媒体] 获取 2 条, 跳过 0 条已存在
2026-05-14 08:50:06,215 - INFO - [MIT Tech Review] 获取 0 条, 跳过 2 条已存在
2026-05-14 08:50:07,909 - INFO - [Wired] 获取 4 条, 跳过 9 条已存在
2026-05-14 08:50:07,990 - INFO - [36氪] 获取 4 条, 跳过 1 条已存在
2026-05-14 08:50:09,776 - INFO - [雷锋网] 获取 3 条, 跳过 0 条已存在
2026-05-14 08:50:10,525 - INFO - [Ars Technica] 获取 3 条, 跳过 12 条已存在
2026-05-14 08:50:10,527 - INFO - 总计: 27 条新闻
2026-05-14 08:50:10,527 - INFO - 去重后: 27 条
2026-05-14 08:50:10,527 - INFO - 精选: 10 条
2026-05-14 08:50:53,494 - INFO - 推送消息已保存: data/openclaw_message.txt
2026-05-14 08:50:53,495 - INFO - ============================================================
2026-05-15 08:50:01,727 - INFO - ============================================================
2026-05-15 08:50:01,728 - INFO - AI 新闻日报 v2.1 启动
2026-05-15 08:50:01,728 - INFO - ============================================================
2026-05-15 08:50:01,729 - INFO - 启动并发抓取（4 线程）...
2026-05-15 08:50:02,609 - INFO - [机器之心] 获取 0 条, 跳过 0 条已存在
2026-05-15 08:50:03,391 - INFO - [InfoQ] 获取 1 条, 跳过 14 条已存在
2026-05-15 08:50:04,546 - INFO - [雷锋网] 获取 1 条, 跳过 0 条已存在
2026-05-15 08:50:04,758 - INFO - [36氪] 获取 3 条, 跳过 0 条已存在
2026-05-15 08:50:05,569 - INFO - [MIT Tech Review] 获取 2 条, 跳过 2 条已存在
2026-05-15 08:50:06,096 - INFO - [量子位] 获取 4 条, 跳过 0 条已存在
2026-05-15 08:50:06,961 - INFO - [TechCrunch AI] 获取 7 条, 跳过 1 条已存在
2026-05-15 08:50:06,983 - INFO - [Wired] 获取 1 条, 跳过 6 条已存在
2026-05-15 08:50:07,746 - INFO - [Ars Technica] 获取 1 条, 跳过 9 条已存在
2026-05-15 08:50:09,452 - INFO - [钛媒体] 获取 3 条, 跳过 1 条已存在
2026-05-15 08:50:09,456 - INFO - 总计: 23 条新闻
2026-05-15 08:50:09,456 - INFO - 去重后: 23 条
2026-05-15 08:50:09,456 - INFO - 精选: 10 条
2026-05-15 08:50:30,843 - INFO - 推送消息已保存: data/openclaw_message.txt
2026-05-15 08:50:30,844 - INFO - ============================================================
2026-05-16 08:50:01,888 - INFO - ============================================================
2026-05-16 08:50:01,892 - INFO - AI 新闻日报 v2.1 启动
2026-05-16 08:50:01,892 - INFO - ============================================================
2026-05-16 08:50:01,893 - INFO - 启动并发抓取（4 线程）...
2026-05-16 08:50:02,742 - INFO - [机器之心] 获取 0 条, 跳过 0 条已存在
2026-05-16 08:50:03,369 - INFO - [量子位] 获取 2 条, 跳过 0 条已存在
2026-05-16 08:50:04,215 - INFO - [InfoQ] 获取 1 条, 跳过 13 条已存在
2026-05-16 08:50:05,654 - INFO - [TechCrunch AI] 获取 5 条, 跳过 0 条已存在
2026-05-16 08:50:05,986 - INFO - [MIT Tech Review] 获取 1 条, 跳过 1 条已存在
2026-05-16 08:50:06,982 - INFO - [雷锋网] 获取 1 条, 跳过 0 条已存在
2026-05-16 08:50:07,410 - INFO - [Wired] 获取 2 条, 跳过 5 条已存在
2026-05-16 08:50:07,767 - INFO - [36氪] 获取 3 条, 跳过 3 条已存在
2026-05-16 08:50:09,557 - INFO - [钛媒体] 获取 2 条, 跳过 0 条已存在
2026-05-16 08:50:11,002 - INFO - [Ars Technica] 获取 3 条, 跳过 13 条已存在
2026-05-16 08:50:11,006 - INFO - 总计: 20 条新闻
2026-05-16 08:50:11,006 - INFO - 去重后: 20 条
2026-05-16 08:50:11,006 - INFO - 精选: 10 条
2026-05-16 08:50:31,377 - INFO - 推送消息已保存: data/openclaw_message.txt
2026-05-16 08:50:31,378 - INFO - ============================================================
2026-05-17 08:50:02,347 - INFO - ============================================================
2026-05-17 08:50:02,347 - INFO - AI 新闻日报 v2.1 启动
2026-05-17 08:50:02,347 - INFO - ============================================================
2026-05-17 08:50:02,349 - INFO - 启动并发抓取（4 线程）...
2026-05-17 08:50:02,702 - INFO - [机器之心] 获取 0 条, 跳过 0 条已存在
2026-05-17 08:50:02,961 - INFO - [量子位] 获取 1 条, 跳过 0 条已存在
2026-05-17 08:50:03,889 - INFO - [36氪] 获取 0 条, 跳过 0 条已存在
2026-05-17 08:50:04,218 - INFO - [InfoQ] 获取 1 条, 跳过 1 条已存在
2026-05-17 08:50:04,493 - INFO - [MIT Tech Review] 获取 0 条, 跳过 0 条已存在
2026-05-17 08:50:04,700 - INFO - [TechCrunch AI] 获取 3 条, 跳过 0 条已存在
2026-05-17 08:50:05,336 - INFO - [Wired] 获取 1 条, 跳过 1 条已存在
2026-05-17 08:50:06,082 - INFO - [Ars Technica] 获取 1 条, 跳过 0 条已存在
2026-05-17 08:50:07,196 - INFO - [雷锋网] 获取 1 条, 跳过 0 条已存在
2026-05-17 08:50:07,404 - INFO - [钛媒体] 获取 3 条, 跳过 0 条已存在
2026-05-17 08:50:07,407 - INFO - 总计: 11 条新闻
2026-05-17 08:50:07,408 - INFO - 去重后: 11 条
2026-05-17 08:50:07,408 - INFO - 精选: 10 条
2026-05-17 08:50:29,650 - INFO - 推送消息已保存: data/openclaw_message.txt
2026-05-17 08:50:29,650 - INFO - ============================================================
2026-05-18 08:50:01,744 - INFO - ============================================================
2026-05-18 08:50:01,745 - INFO - AI 新闻日报 v2.1 启动
2026-05-18 08:50:01,745 - INFO - ============================================================
2026-05-18 08:50:01,747 - INFO - 启动并发抓取（4 线程）...
2026-05-18 08:50:02,095 - INFO - [机器之心] 获取 0 条, 跳过 0 条已存在
2026-05-18 08:50:03,116 - INFO - [量子位] 获取 2 条, 跳过 0 条已存在
2026-05-18 08:50:03,916 - INFO - [InfoQ] 获取 1 条, 跳过 0 条已存在
2026-05-18 08:50:04,426 - INFO - [TechCrunch AI] 获取 3 条, 跳过 0 条已存在
2026-05-18 08:50:04,655 - INFO - [MIT Tech Review] 获取 0 条, 跳过 0 条已存在
2026-05-18 08:50:05,002 - INFO - [Wired] 获取 0 条, 跳过 2 条已存在
2026-05-18 08:50:05,125 - INFO - [36氪] 获取 2 条, 跳过 1 条已存在
2026-05-18 08:50:05,165 - INFO - [Ars Technica] 获取 0 条, 跳过 1 条已存在
2026-05-18 08:50:05,955 - INFO - [钛媒体] 获取 1 条, 跳过 0 条已存在
2026-05-18 08:50:07,948 - INFO - [雷锋网] 获取 1 条, 跳过 0 条已存在
2026-05-18 08:50:07,951 - INFO - 总计: 10 条新闻
2026-05-18 08:50:07,952 - INFO - 去重后: 10 条
2026-05-18 08:50:07,952 - INFO - 精选: 10 条
2026-05-18 08:50:24,274 - INFO - 推送消息已保存: data/openclaw_message.txt
2026-05-18 08:50:24,274 - INFO - ============================================================
2026-05-19 08:50:01,777 - INFO - ============================================================
2026-05-19 08:50:01,778 - INFO - AI 新闻日报 v2.1 启动
2026-05-19 08:50:01,778 - INFO - ============================================================
2026-05-19 08:50:01,779 - INFO - 启动并发抓取（4 线程）...
2026-05-19 08:50:02,683 - INFO - [机器之心] 获取 0 条, 跳过 0 条已存在
2026-05-19 08:50:02,746 - INFO - [InfoQ] 获取 0 条, 跳过 12 条已存在
2026-05-19 08:50:03,550 - INFO - [量子位] 获取 3 条, 跳过 0 条已存在
2026-05-19 08:50:04,072 - INFO - [TechCrunch AI] 获取 3 条, 跳过 1 条已存在
2026-05-19 08:50:04,214 - INFO - [MIT Tech Review] 获取 0 条, 跳过 1 条已存在
2026-05-19 08:50:04,837 - INFO - [Wired] 获取 1 条, 跳过 3 条已存在
2026-05-19 08:50:06,166 - INFO - [Ars Technica] 获取 1 条, 跳过 8 条已存在
2026-05-19 08:50:09,506 - INFO - [36氪] 获取 8 条, 跳过 0 条已存在
2026-05-19 08:50:10,722 - INFO - [钛媒体] 获取 4 条, 跳过 5 条已存在
2026-05-19 08:50:12,050 - INFO - [雷锋网] 获取 2 条, 跳过 1 条已存在
2026-05-19 08:50:12,061 - INFO - 总计: 22 条新闻
2026-05-19 08:50:12,061 - INFO - 去重后: 22 条
2026-05-19 08:50:12,061 - INFO - 精选: 10 条
2026-05-19 08:50:23,443 - INFO - 推送消息已保存: data/openclaw_message.txt
2026-05-19 08:50:23,443 - INFO - ============================================================
2026-05-20 08:50:01,795 - INFO - ============================================================
2026-05-20 08:50:01,798 - INFO - AI 新闻日报 v2.1 启动
2026-05-20 08:50:01,798 - INFO - ============================================================
2026-05-20 08:50:01,801 - INFO - 启动并发抓取（4 线程）...
2026-05-20 08:50:02,172 - INFO - [机器之心] 获取 0 条, 跳过 0 条已存在
2026-05-20 08:50:02,283 - INFO - [InfoQ] 获取 0 条, 跳过 11 条已存在
2026-05-20 08:50:02,404 - INFO - [量子位] 获取 0 条, 跳过 0 条已存在
2026-05-20 08:50:03,252 - INFO - [TechCrunch AI] 获取 6 条, 跳过 12 条已存在
2026-05-20 08:50:03,649 - INFO - [MIT Tech Review] 获取 0 条, 跳过 1 条已存在
2026-05-20 08:50:04,587 - INFO - [Wired] 获取 2 条, 跳过 11 条已存在
2026-05-20 08:50:06,514 - INFO - [Ars Technica] 获取 1 条, 跳过 10 条已存在
2026-05-20 08:50:08,774 - INFO - [雷锋网] 获取 2 条, 跳过 0 条已存在
2026-05-20 08:50:14,408 - INFO - [钛媒体] 获取 2 条, 跳过 1 条已存在
2026-05-20 08:50:14,902 - INFO - [36氪] 获取 6 条, 跳过 0 条已存在
2026-05-20 08:50:14,903 - INFO - 总计: 19 条新闻
2026-05-20 08:50:14,904 - INFO - 去重后: 19 条
2026-05-20 08:50:14,904 - INFO - 精选: 10 条
2026-05-20 08:50:37,552 - INFO - 推送消息已保存: data/openclaw_message.txt
2026-05-20 08:50:37,552 - INFO - ============================================================
2026-05-21 08:50:02,031 - INFO - ============================================================
2026-05-21 08:50:02,031 - INFO - AI 新闻日报 v2.1 启动
2026-05-21 08:50:02,031 - INFO - ============================================================
2026-05-21 08:50:02,032 - INFO - 启动并发抓取（4 线程）...
2026-05-21 08:50:02,878 - INFO - [机器之心] 获取 0 条, 跳过 0 条已存在
2026-05-21 08:50:03,250 - INFO - [InfoQ] 获取 1 条, 跳过 15 条已存在
2026-05-21 08:50:04,239 - INFO - [量子位] 获取 3 条, 跳过 0 条已存在
2026-05-21 08:50:05,630 - INFO - [TechCrunch AI] 获取 9 条, 跳过 5 条已存在
2026-05-21 08:50:05,956 - INFO - [MIT Tech Review] 获取 0 条, 跳过 1 条已存在
2026-05-21 08:50:07,418 - INFO - [Wired] 获取 2 条, 跳过 9 条已存在
2026-05-21 08:50:07,490 - INFO - [雷锋网] 获取 2 条, 跳过 0 条已存在
2026-05-21 08:50:07,722 - INFO - [钛媒体] 获取 3 条, 跳过 1 条已存在
2026-05-21 08:50:09,597 - INFO - [36氪] 获取 6 条, 跳过 0 条已存在
2026-05-21 08:50:11,194 - INFO - [Ars Technica] 获取 3 条, 跳过 9 条已存在
2026-05-21 08:50:11,197 - INFO - 总计: 29 条新闻
2026-05-21 08:50:11,198 - INFO - 去重后: 29 条
2026-05-21 08:50:11,198 - INFO - 精选: 10 条
2026-05-21 08:50:28,785 - INFO - 推送消息已保存: data/openclaw_message.txt
2026-05-21 08:50:28,786 - INFO - ============================================================
